[Wed Jul 03 09:11:29.140270 2019] [mpm_prefork:notice] [pid 1] AH00163: Apache/2.4.25 (Debian) PHP/7.2.11 configured -- resuming normal operations
[Wed Jul 03 09:11:29.140331 2019] [core:notice] [pid 1] AH00094: Command line: 'apache2 -D FOREGROUND'
[Wed Jul 03 09:12:34.554966 2019] [mpm_prefork:notice] [pid 1] AH00169: caught SIGTERM, shutting down
[Wed Jul 03 09:12:37.311556 2019] [mpm_prefork:notice] [pid 1] AH00163: Apache/2.4.25 (Debian) PHP/7.2.11 configured -- resuming normal operations
[Wed Jul 03 09:12:37.311612 2019] [core:notice] [pid 1] AH00094: Command line: 'apache2 -D FOREGROUND'
[Wed Jul 03 10:20:55.333812 2019] [mpm_prefork:notice] [pid 1] AH00169: caught SIGTERM, shutting down
[Thu Jul 04 04:07:59.146162 2019] [mpm_prefork:notice] [pid 1] AH00163: Apache/2.4.25 (Debian) PHP/7.2.11 configured -- resuming normal operations
[Thu Jul 04 04:07:59.146559 2019] [core:notice] [pid 1] AH00094: Command line: 'apache2 -D FOREGROUND'
[Thu Jul 04 07:29:13.595509 2019] [mpm_prefork:notice] [pid 1] AH00163: Apache/2.4.25 (Debian) PHP/7.2.11 configured -- resuming normal operations
[Thu Jul 04 07:29:13.596124 2019] [core:notice] [pid 1] AH00094: Command line: 'apache2 -D FOREGROUND'
[Thu Jul 04 13:14:41.401002 2019] [mpm_prefork:notice] [pid 1] AH00169: caught SIGTERM, shutting down
[Fri Jul 05 03:43:16.176637 2019] [mpm_prefork:notice] [pid 1] AH00163: Apache/2.4.25 (Debian) PHP/7.2.11 configured -- resuming normal operations
[Fri Jul 05 03:43:16.177290 2019] [core:notice] [pid 1] AH00094: Command line: 'apache2 -D FOREGROUND'
[Sat Jul 06 01:50:53.733179 2019] [mpm_prefork:notice] [pid 1] AH00169: caught SIGTERM, shutting down
[Sat Jul 06 13:50:39.134231 2019] [mpm_prefork:notice] [pid 1] AH00163: Apache/2.4.25 (Debian) PHP/7.2.11 configured -- resuming normal operations
[Sat Jul 06 13:50:39.134545 2019] [core:notice] [pid 1] AH00094: Command line: 'apache2 -D FOREGROUND'
[Sat Jul 06 13:58:30.343285 2019] [mpm_prefork:notice] [pid 1] AH00169: caught SIGTERM, shutting down
[Sat Jul 06 13:59:07.288419 2019] [mpm_prefork:notice] [pid 1] AH00163: Apache/2.4.25 (Debian) PHP/7.2.11 configured -- resuming normal operations
[Sat Jul 06 13:59:07.288483 2019] [core:notice] [pid 1] AH00094: Command line: 'apache2 -D FOREGROUND'
[Sat Jul 06 13:59:58.097962 2019] [mpm_prefork:notice] [pid 1] AH00169: caught SIGTERM, shutting down
[Sat Jul 06 14:03:35.341133 2019] [mpm_prefork:notice] [pid 1] AH00163: Apache/2.4.25 (Debian) PHP/7.2.11 configured -- resuming normal operations
[Sat Jul 06 14:03:35.341202 2019] [core:notice] [pid 1] AH00094: Command line: 'apache2 -D FOREGROUND'
[Sat Jul 06 14:04:26.348157 2019] [mpm_prefork:notice] [pid 1] AH00169: caught SIGTERM, shutting down
[Sat Jul 06 14:07:38.146027 2019] [mpm_prefork:notice] [pid 1] AH00163: Apache/2.4.25 (Debian) PHP/7.2.11 configured -- resuming normal operations
[Sat Jul 06 14:07:38.146092 2019] [core:notice] [pid 1] AH00094: Command line: 'apache2 -D FOREGROUND'
[Sat Jul 06 18:39:13.441264 2019] [mpm_prefork:notice] [pid 1] AH00169: caught SIGTERM, shutting down
[Sun Jul 07 00:16:41.443234 2019] [mpm_prefork:notice] [pid 1] AH00163: Apache/2.4.25 (Debian) PHP/7.2.11 configured -- resuming normal operations
[Sun Jul 07 00:16:41.443873 2019] [core:notice] [pid 1] AH00094: Command line: 'apache2 -D FOREGROUND'
[Sun Jul 07 01:42:16.974731 2019] [mpm_prefork:notice] [pid 1] AH00169: caught SIGTERM, shutting down
[Sun Jul 07 01:43:31.631013 2019] [mpm_prefork:notice] [pid 1] AH00163: Apache/2.4.25 (Debian) PHP/7.2.11 configured -- resuming normal operations
[Sun Jul 07 01:43:31.631074 2019] [core:notice] [pid 1] AH00094: Command line: 'apache2 -D FOREGROUND'
[Sun Jul 07 01:51:04.658335 2019] [mpm_prefork:notice] [pid 1] AH00169: caught SIGTERM, shutting down
[Sun Jul 07 01:51:26.418706 2019] [mpm_prefork:notice] [pid 1] AH00163: Apache/2.4.25 (Debian) PHP/7.2.11 configured -- resuming normal operations
[Sun Jul 07 01:51:26.419270 2019] [core:notice] [pid 1] AH00094: Command line: 'apache2 -D FOREGROUND'
